Changed directory to /home/wb263/HiGGS_development.

JobID: 59785037
======
Time: Fri 29 Apr 18:17:26 BST 2022
Running on master node: cpu-e-812
Current directory: /home/wb263/HiGGS_development

Nodes allocated:
================
cpu-e-812

numtasks=, numnodes=1, mpi_tasks_per_node=1 (OMP_NUM_THREADS=30)

Executing command:
==================
mpirun -ppn 1 -np 1 /home/wb263/HiGGS_development/peta4_jobs.sh 

Mathematica 12.1.0 Kernel for Linux x86 (64-bit)
Copyright 1988-2020 Wolfram Research, Inc.

In[1]:= 
In[2]:= In[2]:= 
In[3]:= 
In[4]:= 
In[5]:= 
In[6]:= 
In[7]:= 
In[8]:= 
In[9]:= 
In[10]:= 
In[11]:= 
In[12]:= 
In[13]:= 
In[14]:= 
In[15]:= 
In[16]:= 
In[17]:= 
In[18]:= In[18]:= In[18]:= In[18]:= 
In[19]:= 
In[20]:= 
In[21]:= 
In[22]:= 
In[23]:= ------------------------------------------------------------
Package xAct`xPerm`  version 1.2.3, {2015, 8, 23}
CopyRight (C) 2003-2020, Jose M. Martin-Garcia, under the General Public\
 
>   License.
Connecting to external linux executable...
Connection established.
------------------------------------------------------------
Package xAct`xTensor`  version 1.2.0, {2021, 10, 17}
CopyRight (C) 2002-2021, Jose M. Martin-Garcia, under the General Public\
 
>   License.
------------------------------------------------------------
These packages come with ABSOLUTELY NO WARRANTY; for details type\
 
>   Disclaimer[]. This is free software, and you are welcome to redistribute\
 
>   it under certain conditions. See the General Public License for details.
------------------------------------------------------------
------------------------------------------------------------
Package xAct`xPert`  version 1.0.6, {2018, 2, 28}
CopyRight (C) 2005-2020, David Brizuela, Jose M. Martin-Garcia and Guillermo\
 
>   A. Mena Marugan, under the General Public License.
** Variable $PrePrint assigned value ScreenDollarIndices
** Variable $CovDFormat changed from Prefix to Postfix
** Option AllowUpperDerivatives of ContractMetric changed from False to True
** Option MetricOn of MakeRule changed from None to All
** Option ContractMetrics of MakeRule changed from False to True
------------------------------------------------------------
Package xAct`Invar`  version 2.0.5, {2013, 7, 1}
CopyRight (C) 2006-2020, J. M. Martin-Garcia, D. Yllanes and R. Portugal,\
 
>   under the General Public License.
** DefConstantSymbol: Defining constant symbol sigma. 
** DefConstantSymbol: Defining constant symbol dim. 
** Option CurvatureRelations of DefCovD changed from True to False
** Variable $CommuteCovDsOnScalars changed from True to False
------------------------------------------------------------
Package xAct`xCoba`  version 0.8.6, {2021, 2, 28}
CopyRight (C) 2005-2021, David Yllanes and Jose M. Martin-Garcia, under the\
 
>   General Public License.
			(...replotting...)
------------------------------------------------------------
Package xAct`SymManipulator`  version 0.9.5, {2021, 9, 14}
CopyRight (C) 2011-2021, Thomas Bäckdahl, under the General Public License.
------------------------------------------------------------
Package xAct`xTras`  version 1.4.2, {2014, 10, 30}
CopyRight (C) 2012-2014, Teake Nutma, under the General Public License.
** Variable $CovDFormat changed from Postfix to Prefix
** Option CurvatureRelations of DefCovD changed from False to True
------------------------------------------------------------
These packages come with ABSOLUTELY NO WARRANTY; for details type\
 
>   Disclaimer[]. This is free software, and you are welcome to redistribute\
 
>   it under certain conditions. See the General Public License for details.
------------------------------------------------------------

FrontEndObject::notavail: 
   A front end is not available; certain operations require a front end.
Package xAct`HiGGS`  version 2.2.1, {2022, 2, 1}
CopyRight (C) 2005-2018, Will E. V. Barker, under the General Public License.
------------------------------------------------------------
This free version of HiGGS is an open source dependent of the xAct bundle,\
 
>   but NOT an official part thereof.
This free version of HiGGS incorporates Cyril Pitrou's code from the public\
 
>   repository at https://github.com/xAct-contrib/examples.
------------------------------------------------------------

FrontEndObject::notavail: 
   A front end is not available; certain operations require a front end.
The working directory is /home/wb263/HiGGS_development
At least one HiGGS installation directory was found at ./xAct/HiGGS.
------------------------------------------------------------

In[24]:= 
In[25]:= ** BuildHiGGS: Defining HiGGS environment for kernel 0. 

FrontEndObject::notavail: 
   A front end is not available; certain operations require a front end.
 ** BuildHiGGS: RAM used by kernel 0 is 
 
>   Dynamic[Refresh[MemoryInUse[], UpdateInterval -> 1]] bytes.
 ** BuildHiGGS: Building session from ./xAct/HiGGS/HiGGS_sources.nb
 
>    with active CellTags {build}.

FrontEndObject::notavail: 
   A front end is not available; certain operations require a front end.

FrontEndObject::notavail: 
   A front end is not available; certain operations require a front end.

General::stop: Further output of FrontEndObject::notavail
     will be suppressed during this calculation.
** DefManifold: Defining manifold M4. 
** DefVBundle: Defining vbundle TangentM4. 
** DefTensor: Defining symmetric metric tensor G[-a, -c]. 
** DefTensor: Defining antisymmetric tensor epsilonG[-a, -a1, -b, -b1]. 
** DefTensor: Defining tetrametric TetraG[-a, -a1, -b, -b1]. 
** DefTensor: Defining tetrametric TetraG†[-a, -a1, -b, -b1]. 
** DefCovD: Defining covariant derivative CD[-a]. 
** DefTensor: Defining vanishing torsion tensor TorsionCD[a, -a1, -b]. 
** DefTensor: Defining symmetric Christoffel tensor ChristoffelCD[a, -a1, -b]
 
>   . 
** DefTensor: Defining vanishing Riemann tensor RiemannCD[-a, -a1, -b, -b1]. 
** DefTensor: Defining vanishing Ricci tensor RicciCD[-a, -a1]. 
** DefTensor: Defining vanishing Ricci scalar RicciScalarCD[]. 
** DefTensor: Defining vanishing Einstein tensor EinsteinCD[-a, -a1]. 
** DefTensor: Defining vanishing Weyl tensor WeylCD[-a, -a1, -b, -b1]. 
** DefTensor: Defining vanishing TFRicci tensor TFRicciCD[-a, -a1]. 
** DefTensor: Defining vanishing Kretschmann scalar KretschmannCD[]. 
** DefTensor: Defining vanishing symmetrized Riemann tensor 
 
>   SymRiemannCD[-a, -a1, -b, -b1]. 
** DefTensor: Defining vanishing symmetric Schouten tensor SchoutenCD[-a, -a1]
 
>   . 
** DefTensor: Defining symmetric cosmological Schouten tensor 
 
>   SchoutenCCCD[LI[_], -a, -a1]. 
** DefTensor: Defining symmetric cosmological Einstein tensor 
 
>   EinsteinCCCD[LI[_], -a, -a1]. 
** DefTensor: Defining weight +2 density DetG[]. Determinant.

StringJoin::string: 
   String expected at position 2 in 
    rm -rf <>FileNameJoin[{$Failed, figures/*}].
** DefConstantSymbol: Defining constant symbol Prt. 

Syntax::sntufn: Unknown unicode longname Application.

Syntax::sntufn: Unknown unicode longname Application.

Syntax::sntufn: Unknown unicode longname Application.

Syntax::sntufn: Unknown unicode longname Application.

Syntax::sntufn: Unknown unicode longname Application.

Syntax::sntufn: Unknown unicode longname Application.

Syntax::sntufn: Unknown unicode longname Application.

Syntax::sntufn: Unknown unicode longname Application.

Syntax::sntufn: Unknown unicode longname Application.

Syntax::sntufn: Unknown unicode longname Application.

Syntax::sntufn: Unknown unicode longname Application.

Syntax::sntufn: Unknown unicode longname Application.

Syntax::sntufn: Unknown unicode longname Application.
** DefTensor: Defining tensor R[a, b, -d, -e]. 
** DefTensor: Defining tensor T[a, -b, -c]. 
** DefTensor: Defining tensor W[a, b, -d, -e]. 
** DefTensor: Defining tensor RLambda[a, b, -d, -e]. 
** DefTensor: Defining tensor TLambda[a, -d, -e]. 
** DefTensor: Defining tensor R1[-i, -j, -m, -n]. 
** DefTensor: Defining tensor R2[-i, -j, -m, -n]. 
** DefTensor: Defining tensor R3[-i, -j, -m, -n]. 
** DefTensor: Defining tensor R4[-i, -j]. 
** DefTensor: Defining tensor R5[-i, -j]. 
** DefTensor: Defining tensor R6[]. 
** DefTensor: Defining tensor T1[-i, -j, -k]. 
** DefTensor: Defining tensor T2[-i]. 
** DefTensor: Defining tensor T3[-i]. 
   Rules {1, 2, 3, 4, 5, 6, 7, 8, 9, 10, <<4>>}
 
>    have been declared as DownValues for R1.
   Rules {1, 2, 3, 4, 5, 6, 7, 8, 9, 10} have been declared as DownValues for 
 
>   R1.
   Rules {1, 2, 3, 4, 5, 6, 7, 8, 9, 10, <<4>>}
 
>    have been declared as DownValues for R2.
   Rules {1, 2} have been declared as DownValues for R4.
   Rules {1, 2, 3, 4} have been declared as DownValues for T1.
   Rules {1, 2} have been declared as DownValues for T1.
** DefTensor: Defining tensor RLambda1[-i, -j, -m, -n]. 
** DefTensor: Defining tensor RLambda2[-i, -j, -m, -n]. 
** DefTensor: Defining tensor RLambda3[-i, -j, -m, -n]. 
** DefTensor: Defining tensor RLambda4[-i, -j]. 
** DefTensor: Defining tensor RLambda5[-i, -j]. 
** DefTensor: Defining tensor RLambda6[]. 
** DefTensor: Defining tensor TLambda1[-i, -j, -k]. 
** DefTensor: Defining tensor TLambda2[-i]. 
** DefTensor: Defining tensor TLambda3[-i]. 
   Rules {1, 2, 3, 4, 5, 6, 7, 8, 9, 10, <<4>>}
 
>    have been declared as DownValues for RLambda1.
   Rules {1, 2, 3, 4, 5, 6, 7, 8, 9, 10} have been declared as DownValues for 
 
>   RLambda1.
   Rules {1, 2, 3, 4, 5, 6, 7, 8, 9, 10, <<4>>}
 
>    have been declared as DownValues for RLambda2.
   Rules {1, 2} have been declared as DownValues for RLambda4.
   Rules {1, 2, 3, 4} have been declared as DownValues for TLambda1.
   Rules {1, 2} have been declared as DownValues for TLambda1.
** DefTensor: Defining tensor Spin1[-i, -j, -k]. 
** DefTensor: Defining tensor Spin2[-i]. 
** DefTensor: Defining tensor Spin3[-i]. 
   Rules {1, 2, 3, 4} have been declared as DownValues for Spin1.
   Rules {1, 2} have been declared as DownValues for Spin1.
** DefTensor: Defining tensor STensor[-i, -j, -k]. 
** DefTensor: Defining tensor PR1[-a, -b, -c, -d, e, f, g, h]. 
** DefTensor: Defining tensor PR2[-a, -b, -c, -d, e, f, g, h]. 
** DefTensor: Defining tensor PR3[-i, -k, -l, -m, a, b, c, d]. 
** DefTensor: Defining tensor PR4[-i, -k, -l, -m, a, b, c, d]. 
** DefTensor: Defining tensor PR5[-i, -k, -l, -m, a, b, c, d]. 
** DefTensor: Defining tensor PR6[-i, -k, -l, -m, a, b, c, d]. 
   Rules {1} have been declared as UpValues for PR1.
   Rules {1} have been declared as UpValues for PR2.
   Rules {1} have been declared as UpValues for PR3.
   Rules {1} have been declared as UpValues for PR4.
   Rules {1} have been declared as UpValues for PR5.
   Rules {1} have been declared as UpValues for PR6.
** DefTensor: Defining tensor PW[-i, -k, -l, -m, a, b, c, d]. 
** DefTensor: Defining tensor PT1[-a, -b, -c, e, f, g]. 
** DefTensor: Defining tensor PT2[-a, -b, -c, e, f, g]. 
** DefTensor: Defining tensor PT3[-a, -b, -c, e, f, g]. 
   Rules {1} have been declared as UpValues for PT1.
   Rules {1} have been declared as UpValues for PT2.
   Rules {1} have been declared as UpValues for PT3.
 ** BuildHiGGS: Incorporating the binary at\
 
>   ./xAct/HiGGS/bin/build/O13ProjectionsToggle.mx...
 ** BuildHiGGS: The unit test labelled CheckOrthogonalityToggle has been\
 
>   ignored.
** DefTensor: Defining tensor Rc[a, -b]. 
** DefTensor: Defining tensor Rs[]. 
** DefTensor: Defining tensor Tc[-a]. 
 ** BuildHiGGS: The unit test labelled ShowIrrepsToggle has been ignored.
** DefConstantSymbol: Defining constant symbol cAlp1. 
** DefConstantSymbol: Defining constant symbol cAlp2. 
** DefConstantSymbol: Defining constant symbol cAlp3. 
** DefConstantSymbol: Defining constant symbol cAlp4. 
** DefConstantSymbol: Defining constant symbol cAlp5. 
** DefConstantSymbol: Defining constant symbol cAlp6. 
** DefConstantSymbol: Defining constant symbol gAlp1. 
** DefConstantSymbol: Defining constant symbol gAlp2. 
** DefConstantSymbol: Defining constant symbol gAlp3. 
** DefConstantSymbol: Defining constant symbol gAlp4. 
** DefConstantSymbol: Defining constant symbol gAlp5. 
** DefConstantSymbol: Defining constant symbol gAlp6. 
** DefConstantSymbol: Defining constant symbol cAlpParaPara0p. 
** DefConstantSymbol: Defining constant symbol cAlpParaPara0m. 
** DefConstantSymbol: Defining constant symbol cAlpParaPara1p. 
** DefConstantSymbol: Defining constant symbol cAlpParaPara1m. 
** DefConstantSymbol: Defining constant symbol cAlpParaPara2p. 
** DefConstantSymbol: Defining constant symbol cAlpParaPara2m. 
** DefConstantSymbol: Defining constant symbol cAlpPerpPerp0p. 
** DefConstantSymbol: Defining constant symbol cAlpPerpPerp0m. 
** DefConstantSymbol: Defining constant symbol cAlpPerpPerp1p. 
** DefConstantSymbol: Defining constant symbol cAlpPerpPerp1m. 
** DefConstantSymbol: Defining constant symbol cAlpPerpPerp2p. 
** DefConstantSymbol: Defining constant symbol cAlpPerpPerp2m. 
** DefConstantSymbol: Defining constant symbol cAlpPerpPara0p. 
** DefConstantSymbol: Defining constant symbol cAlpPerpPara0m. 
** DefConstantSymbol: Defining constant symbol cAlpPerpPara1p. 
** DefConstantSymbol: Defining constant symbol cAlpPerpPara1m. 
** DefConstantSymbol: Defining constant symbol cAlpPerpPara2p. 
** DefConstantSymbol: Defining constant symbol cAlpPerpPara2m. 
** DefConstantSymbol: Defining constant symbol cAlpParaPerp0p. 
** DefConstantSymbol: Defining constant symbol cAlpParaPerp0m. 
** DefConstantSymbol: Defining constant symbol cAlpParaPerp1p. 
** DefConstantSymbol: Defining constant symbol cAlpParaPerp1m. 
** DefConstantSymbol: Defining constant symbol cAlpParaPerp2p. 
** DefConstantSymbol: Defining constant symbol cAlpParaPerp2m. 
** DefConstantSymbol: Defining constant symbol cBet1. 
** DefConstantSymbol: Defining constant symbol cBet2. 
** DefConstantSymbol: Defining constant symbol cBet3. 
** DefConstantSymbol: Defining constant symbol cBet4. 
** DefConstantSymbol: Defining constant symbol cBet5. 
** DefConstantSymbol: Defining constant symbol cBet6. 
** DefConstantSymbol: Defining constant symbol gBet1. 
** DefConstantSymbol: Defining constant symbol gBet2. 
** DefConstantSymbol: Defining constant symbol gBet3. 
** DefConstantSymbol: Defining constant symbol gBet4. 
** DefConstantSymbol: Defining constant symbol gBet5. 
** DefConstantSymbol: Defining constant symbol gBet6. 
** DefConstantSymbol: Defining constant symbol cBetParaPara0p. 
** DefConstantSymbol: Defining constant symbol cBetParaPara0m. 
** DefConstantSymbol: Defining constant symbol cBetParaPara1p. 
** DefConstantSymbol: Defining constant symbol cBetParaPara1m. 
** DefConstantSymbol: Defining constant symbol cBetParaPara2p. 
** DefConstantSymbol: Defining constant symbol cBetParaPara2m. 
** DefConstantSymbol: Defining constant symbol cBetPerpPerp0p. 
** DefConstantSymbol: Defining constant symbol cBetPerpPerp0m. 
** DefConstantSymbol: Defining constant symbol cBetPerpPerp1p. 
** DefConstantSymbol: Defining constant symbol cBetPerpPerp1m. 
** DefConstantSymbol: Defining constant symbol cBetPerpPerp2p. 
** DefConstantSymbol: Defining constant symbol cBetPerpPerp2m. 
** DefConstantSymbol: Defining constant symbol cBetPerpPara0p. 
** DefConstantSymbol: Defining constant symbol cBetPerpPara0m. 
** DefConstantSymbol: Defining constant symbol cBetPerpPara1p. 
** DefConstantSymbol: Defining constant symbol cBetPerpPara1m. 
** DefConstantSymbol: Defining constant symbol cBetPerpPara2p. 
** DefConstantSymbol: Defining constant symbol cBetPerpPara2m. 
** DefConstantSymbol: Defining constant symbol cBetParaPerp0p. 
** DefConstantSymbol: Defining constant symbol cBetParaPerp0m. 
** DefConstantSymbol: Defining constant symbol cBetParaPerp1p. 
** DefConstantSymbol: Defining constant symbol cBetParaPerp1m. 
** DefConstantSymbol: Defining constant symbol cBetParaPerp2p. 
** DefConstantSymbol: Defining constant symbol cBetParaPerp2m. 
** DefConstantSymbol: Defining constant symbol mAlp0. 
** DefConstantSymbol: Defining constant symbol mAlp1. 
** DefConstantSymbol: Defining constant symbol mAlp2. 
** DefConstantSymbol: Defining constant symbol mAlp3. 
** DefConstantSymbol: Defining constant symbol mAlp4. 
** DefConstantSymbol: Defining constant symbol mAlp5. 
** DefConstantSymbol: Defining constant symbol mAlp6. 
** DefConstantSymbol: Defining constant symbol Alp0. 
** DefConstantSymbol: Defining constant symbol Alp1. 
** DefConstantSymbol: Defining constant symbol Alp2. 
** DefConstantSymbol: Defining constant symbol Alp3. 
** DefConstantSymbol: Defining constant symbol Alp4. 
** DefConstantSymbol: Defining constant symbol Alp5. 
** DefConstantSymbol: Defining constant symbol Alp6. 
** DefConstantSymbol: Defining constant symbol mBet1. 
** DefConstantSymbol: Defining constant symbol mBet2. 
** DefConstantSymbol: Defining constant symbol mBet3. 
** DefConstantSymbol: Defining constant symbol mBet4. 
** DefConstantSymbol: Defining constant symbol mBet5. 
** DefConstantSymbol: Defining constant symbol mBet6. 
** DefConstantSymbol: Defining constant symbol Bet1. 
** DefConstantSymbol: Defining constant symbol Bet2. 
** DefConstantSymbol: Defining constant symbol Bet3. 
** DefConstantSymbol: Defining constant symbol Bet4. 
** DefConstantSymbol: Defining constant symbol Bet5. 
** DefConstantSymbol: Defining constant symbol Bet6. 
** DefTensor: Defining tensor V[-a]. 
   Rules {1, 2} have been declared as UpValues for V.
** DefTensor: Defining tensor Lapse[]. 
** DefTensor: Defining tensor Ji[]. 
** DefTensor: Defining tensor J[]. 
   Rules {1} have been declared as UpValues for J.
** DefTensor: Defining tensor APi[-a, -b, -c]. 
** DefTensor: Defining tensor APiP[-a, -b, -c]. 
** DefTensor: Defining tensor BPi[-a, -c]. 
** DefTensor: Defining tensor BPiP[-a, -c]. 
** DefTensor: Defining tensor H[-a, c]. 
** DefTensor: Defining tensor B[a, -c]. 
   Rules {1, 2} have been declared as UpValues for H.
   Rules {1, 2} have been declared as UpValues for H.
** DefTensor: Defining tensor A[a, c, -d]. 
** DefTensor: Defining tensor G3[-a, -b]. 
   Rules {1, 2, 3, 4, 5, 6, 7, 8} have been declared as UpValues for G3.
   Rules {1, 2} have been declared as DownValues for G3.
   Rules {1, 2, 3, 4, 5, 6, 7, 8} have been declared as UpValues for G3.
   Rules {1} have been declared as UpValues for G3.
** DefTensor: Defining tensor Eps[-a, -b, -c]. 
** DefTensor: Defining tensor FoliG[-a, -b]. 
** DefTensor: Defining tensor HComp[]. 
** DefTensor: Defining tensor PPerp[-a, -b]. 
** DefTensor: Defining tensor PPara[-a, -b]. 
** DefTensor: Defining tensor DVDB[-a, -b, c]. 
** DefTensor: Defining tensor DHDB[-a, b, -c, d]. 
** DefTensor: Defining tensor DJDB[-c, d]. 
** DefTensor: Defining tensor DJiDB[-c, d]. 
** DefTensor: Defining tensor DLapseDB[-c, d]. 
   Rules {1} have been declared as DownValues for DVDB.
   Rules {1} have been declared as DownValues for DHDB.
   Rules {1} have been declared as DownValues for DJDB.
   Rules {1} have been declared as DownValues for DJiDB.
   Rules {1} have been declared as DownValues for DLapseDB.
   Rules {1} have been declared as UpValues for V.
   Rules {1} have been declared as UpValues for H.
   Rules {1} have been declared as UpValues for J.
   Rules {1} have been declared as UpValues for Ji.
   Rules {1} have been declared as UpValues for Lapse.
** DefTensor: Defining tensor X[k]. 
   Rules {1, 2} have been declared as UpValues for X.
** DefTensor: Defining tensor TP[-a, -b, -c]. 
** DefTensor: Defining tensor RP[-a, -b, -c, -d]. 
** DefTensor: Defining tensor RLambdaP[-a, -b, -c, -d]. 
** DefTensor: Defining tensor TLambdaP[-a, -c, -d]. 
** DefTensor: Defining tensor TPerp[-a, -b]. 
** DefTensor: Defining tensor RPerp[-a, -b, -c]. 
** DefTensor: Defining tensor TLambdaPerp[-a, -b]. 
** DefTensor: Defining tensor RLambdaPerp[-a, -b, -c]. 
** DefTensor: Defining tensor DV[-a, -j]. 
** DefTensor: Defining tensor DJ[-a]. 
** DefTensor: Defining tensor DpJ[-z]. 
** DefTensor: Defining tensor DpV[-z, -a]. 
** DefTensor: Defining tensor Q[-a, -b]. 
** DefTensor: Defining tensor CDAInert[-a, -b, -c, -d]. 
** DefTensor: Defining tensor PThreePara[-a, -b, -c, d, e, f]. 
** DefTensor: Defining tensor PThreePerp[-a, -b, -c, d, e, f]. 
** DefTensor: Defining tensor PAPerp[-a, -b, d, e, f]. 
** DefTensor: Defining tensor PAPara[-a, -b, -c, d, e, f]. 
** DefTensor: Defining tensor PBPerp[-a, d, e]. 
** DefTensor: Defining tensor PBPara[-a, -b, d, e]. 
** DefTensor: Defining tensor PA0p[c, d]. 
** DefTensor: Defining tensor PA1p[-a, -b, c, d]. 
** DefTensor: Defining tensor PA2p[-a, -b, c, d]. 
** DefTensor: Defining tensor PA0m[d, e, f]. 
** DefTensor: Defining tensor PA1m[-a, d, e, f]. 
** DefTensor: Defining tensor PA2m[-a, -b, -c, d, e, f]. 
** DefTensor: Defining tensor PB0p[c, d]. 
** DefTensor: Defining tensor PB1p[-a, -b, c, d]. 
** DefTensor: Defining tensor PB2p[-a, -b, c, d]. 
** DefTensor: Defining tensor PB1m[-a, d]. 
** DefTensor: Defining tensor PB0pT[-n, -m, a, c]. 
** DefTensor: Defining tensor PB1pT[-n, -m, a, c]. 
** DefTensor: Defining tensor PB2pT[-n, -m, a, c]. 
** DefTensor: Defining tensor PB1mT[-n, -m, a, c]. 
** DefTensor: Defining tensor PA0pT[-n, -m, -o, a, b, c]. 
** DefTensor: Defining tensor PA1pT[-n, -m, -o, a, b, c]. 
** DefTensor: Defining tensor PA2pT[-n, -m, -o, a, b, c]. 
** DefTensor: Defining tensor PA0mT[-n, -m, -o, a, b, c]. 
** DefTensor: Defining tensor PA1mT[-n, -m, -o, a, b, c]. 
** DefTensor: Defining tensor PA2mT[-n, -m, -o, a, b, c]. 
 ** BuildHiGGS: Incorporating the binary at\
 
>   ./xAct/HiGGS/bin/build/CompleteO3ProjectionsToggle.mx...
** DefConstantSymbol: Defining constant symbol cPerpA0p. 
** DefConstantSymbol: Defining constant symbol cPerpA0m. 
** DefConstantSymbol: Defining constant symbol cPerpA1p. 
** DefConstantSymbol: Defining constant symbol cPerpA1m. 
** DefConstantSymbol: Defining constant symbol cPerpA2p. 
** DefConstantSymbol: Defining constant symbol cPerpA2m. 
** DefConstantSymbol: Defining constant symbol cPerpB0p. 
** DefConstantSymbol: Defining constant symbol cPerpB0m. 
** DefConstantSymbol: Defining constant symbol cPerpB1p. 
** DefConstantSymbol: Defining constant symbol cPerpB1m. 
** DefConstantSymbol: Defining constant symbol cPerpB2p. 
** DefConstantSymbol: Defining constant symbol cPerpB2m. 
 ** BuildHiGGS: Incorporating the binary at\
 
>   ./xAct/HiGGS/bin/build/ProjectionNormalisationsToggle.mx...
 ** BuildHiGGS: The unit test labelled ProjectionNormalisationsCheckToggle\
 
>   has been ignored.
** DefConstantSymbol: Defining constant symbol BetPerpPerp0p. 
** DefConstantSymbol: Defining constant symbol BetPerpPerp0m. 
** DefConstantSymbol: Defining constant symbol BetPerpPerp1p. 
** DefConstantSymbol: Defining constant symbol BetPerpPerp1m. 
** DefConstantSymbol: Defining constant symbol BetPerpPerp2p. 
** DefConstantSymbol: Defining constant symbol BetPerpPerp2m. 
** DefConstantSymbol: Defining constant symbol AlpPerpPerp0p. 
** DefConstantSymbol: Defining constant symbol AlpPerpPerp0m. 
** DefConstantSymbol: Defining constant symbol AlpPerpPerp1p. 
** DefConstantSymbol: Defining constant symbol AlpPerpPerp1m. 
** DefConstantSymbol: Defining constant symbol AlpPerpPerp2p. 
** DefConstantSymbol: Defining constant symbol AlpPerpPerp2m. 
 ** BuildHiGGS: The binary at\
 
>   ./xAct/HiGGS/bin/build/TransferCouplingsPerpPerpToggle.mx has been\
 
>   ignored.
** DefTensor: Defining tensor PT0m[d, e, f]. 
** DefTensor: Defining tensor PT1p[-a, -b, c, d]. 
** DefTensor: Defining tensor PT1m[-a, d, e, f]. 
** DefTensor: Defining tensor PT2m[-a, -b, -c, d, e, f]. 
** DefTensor: Defining tensor PR0p[e, f, g, h]. 
** DefTensor: Defining tensor PR0m[e, f, g]. 
** DefTensor: Defining tensor PR1p[-n, -m, e, f, g, h]. 
** DefTensor: Defining tensor PR1m[-n, e, f, g]. 
** DefTensor: Defining tensor PR2p[-n, -m, e, f, g, h]. 
** DefTensor: Defining tensor PR2m[-n, -m, -o, e, f, g]. 
			(...replotting...)
** DefConstantSymbol: Defining constant symbol cParaA0p. 
** DefConstantSymbol: Defining constant symbol cParaA0m. 
** DefConstantSymbol: Defining constant symbol cParaA1p. 
** DefConstantSymbol: Defining constant symbol cParaA1m. 
** DefConstantSymbol: Defining constant symbol cParaA2p. 
** DefConstantSymbol: Defining constant symbol cParaA2m. 
** DefConstantSymbol: Defining constant symbol cParaB0p. 
** DefConstantSymbol: Defining constant symbol cParaB0m. 
** DefConstantSymbol: Defining constant symbol cParaB1p. 
** DefConstantSymbol: Defining constant symbol cParaB1m. 
** DefConstantSymbol: Defining constant symbol cParaB2p. 
** DefConstantSymbol: Defining constant symbol cParaB2m. 
** DefConstantSymbol: Defining constant symbol AlpPerpPara0p. 
** DefConstantSymbol: Defining constant symbol AlpPerpPara0m. 
** DefConstantSymbol: Defining constant symbol AlpPerpPara1p. 
** DefConstantSymbol: Defining constant symbol AlpPerpPara1m. 
** DefConstantSymbol: Defining constant symbol AlpPerpPara2p. 
** DefConstantSymbol: Defining constant symbol AlpPerpPara2m. 
** DefConstantSymbol: Defining constant symbol BetPerpPara0p. 
** DefConstantSymbol: Defining constant symbol BetPerpPara0m. 
** DefConstantSymbol: Defining constant symbol BetPerpPara1p. 
** DefConstantSymbol: Defining constant symbol BetPerpPara1m. 
** DefConstantSymbol: Defining constant symbol BetPerpPara2p. 
** DefConstantSymbol: Defining constant symbol BetPerpPara2m. 
 ** BuildHiGGS: The binary at\
 
>   ./xAct/HiGGS/bin/build/TransferCouplingsPerpParaToggle.mx has been\
 
>   ignored.
** DefConstantSymbol: Defining constant symbol AlpParaPerp0p. 
** DefConstantSymbol: Defining constant symbol AlpParaPerp0m. 
** DefConstantSymbol: Defining constant symbol AlpParaPerp1p. 
** DefConstantSymbol: Defining constant symbol AlpParaPerp1m. 
** DefConstantSymbol: Defining constant symbol AlpParaPerp2p. 
** DefConstantSymbol: Defining constant symbol AlpParaPerp2m. 
** DefConstantSymbol: Defining constant symbol BetParaPerp0p. 
** DefConstantSymbol: Defining constant symbol BetParaPerp0m. 
** DefConstantSymbol: Defining constant symbol BetParaPerp1p. 
** DefConstantSymbol: Defining constant symbol BetParaPerp1m. 
** DefConstantSymbol: Defining constant symbol BetParaPerp2p. 
** DefConstantSymbol: Defining constant symbol BetParaPerp2m. 
** DefConstantSymbol: Defining constant symbol AlpParaPara0p. 
** DefConstantSymbol: Defining constant symbol AlpParaPara0m. 
** DefConstantSymbol: Defining constant symbol AlpParaPara1p. 
** DefConstantSymbol: Defining constant symbol AlpParaPara1m. 
** DefConstantSymbol: Defining constant symbol AlpParaPara2p. 
** DefConstantSymbol: Defining constant symbol AlpParaPara2m. 
** DefConstantSymbol: Defining constant symbol BetParaPara0p. 
** DefConstantSymbol: Defining constant symbol BetParaPara0m. 
** DefConstantSymbol: Defining constant symbol BetParaPara1p. 
** DefConstantSymbol: Defining constant symbol BetParaPara1m. 
** DefConstantSymbol: Defining constant symbol BetParaPara2p. 
** DefConstantSymbol: Defining constant symbol BetParaPara2m. 
** DefTensor: Defining tensor PPerpTPerp[-e, a, b]. 
** DefTensor: Defining tensor PPerpTPara[-e, -f, a, b]. 
** DefTensor: Defining tensor PPerpRPerp[-e, -f, a, b, c]. 
** DefTensor: Defining tensor PPerpRPara[-e, -f, -g, a, b, c]. 
** DefTensor: Defining tensor PPerpT0p[e, f]. 
** DefTensor: Defining tensor PPerpT1p[-a, -b, e, f]. 
** DefTensor: Defining tensor PPerpT1m[-a, e, f]. 
** DefTensor: Defining tensor PPerpT2p[-a, -b, e, f]. 
** DefTensor: Defining tensor PPerpR0p[e, f]. 
** DefTensor: Defining tensor PPerpR0m[e, f, g]. 
** DefTensor: Defining tensor PPerpR1p[-n, -m, e, f]. 
** DefTensor: Defining tensor PPerpR1m[-n, e, f, g]. 
** DefTensor: Defining tensor PPerpR2p[-n, -m, e, f]. 
** DefTensor: Defining tensor PPerpR2m[-n, -m, -o, e, f, g]. 
** DefTensor: Defining tensor PhiB0p[]. 
** DefTensor: Defining tensor PhiB1p[-a, -b]. 
** DefTensor: Defining tensor PhiB1m[-a]. 
** DefTensor: Defining tensor PhiB2p[-a, -b]. 
** DefTensor: Defining tensor PhiA0p[]. 
** DefTensor: Defining tensor PhiA0m[]. 
** DefTensor: Defining tensor PhiA1p[-a, -b]. 
** DefTensor: Defining tensor PhiA1m[-a]. 
** DefTensor: Defining tensor PhiA2p[-a, -b]. 
** DefTensor: Defining tensor PhiA2m[-a, -b, -c]. 
   Rules {1, 2, 3, 4} have been declared as DownValues for PhiA2m.
   Rules {1, 2, 3, 4, 5, 6, 7, 8, 9, 10, <<374>>}
 
>    have been declared as UpValues for PhiA2m.
** DefTensor: Defining tensor BPhi[-a, -c]. 
** DefTensor: Defining tensor APhi[-a, -b, -c]. 
 ** BuildHiGGS: Incorporating the binary at\
 
>   ./xAct/HiGGS/bin/build/CanonicalPhiToggle.mx...
 ** BuildHiGGS: Incorporating the binary at\
 
>   ./xAct/HiGGS/bin/build/NonCanonicalPhiToggle.mx...
** DefTensor: Defining tensor ChiB0p[]. 
** DefTensor: Defining tensor ChiB1p[-a, -b]. 
** DefTensor: Defining tensor ChiB1m[-a]. 
** DefTensor: Defining tensor ChiB2p[-a, -b]. 
** DefTensor: Defining tensor ChiA0p[]. 
** DefTensor: Defining tensor ChiA0m[]. 
** DefTensor: Defining tensor ChiA1p[-a, -b]. 
** DefTensor: Defining tensor ChiA1m[-a]. 
** DefTensor: Defining tensor ChiA2p[-a, -b]. 
** DefTensor: Defining tensor ChiA2m[-a, -b, -c]. 
   Rules {1, 2, 3, 4} have been declared as DownValues for ChiA2m.
   Rules {1, 2, 3, 4, 5, 6, 7, 8, 9, 10, <<374>>}
 
>    have been declared as UpValues for ChiA2m.
** DefTensor: Defining tensor ChiPerpB0p[]. 
 ** TryTiming: recording timing statistics
** DefTensor: Defining tensor ChiPerpB1p[-a, -b]. 
** DefTensor: Defining tensor ChiPerpB1m[-a]. 
** DefTensor: Defining tensor ChiPerpB2p[-a, -b]. 
** DefTensor: Defining tensor ChiPerpA0p[]. 
** DefTensor: Defining tensor ChiPerpA0m[]. 
** DefTensor: Defining tensor ChiPerpA1p[-a, -b]. 
** DefTensor: Defining tensor ChiPerpA1m[-a]. 
** DefTensor: Defining tensor ChiPerpA2p[-a, -b]. 
** DefTensor: Defining tensor ChiPerpA2m[-a, -b, -c]. 
   Rules {1, 2, 3, 4} have been declared as DownValues for ChiPerpA2m.
   Rules {1, 2, 3, 4, 5, 6, 7, 8, 9, 10, <<374>>}
 
>    have been declared as UpValues for ChiPerpA2m.
** DefTensor: Defining tensor BChiPerp[-a, -c]. 
** DefTensor: Defining tensor AChiPerp[-a, -b, -c]. 
 ** BuildHiGGS: Incorporating the binary at\
 
>   ./xAct/HiGGS/bin/build/ChiPerpToggle.mx...
** DefTensor: Defining tensor ChiSingB0p[]. 
** DefTensor: Defining tensor ChiSingB1p[-a, -b]. 
** DefTensor: Defining tensor ChiSingB1m[-a]. 
** DefTensor: Defining tensor ChiSingB2p[-a, -b]. 
** DefTensor: Defining tensor ChiSingA0p[]. 
** DefTensor: Defining tensor ChiSingA0m[]. 
** DefTensor: Defining tensor ChiSingA1p[-a, -b]. 
** DefTensor: Defining tensor ChiSingA1m[-a]. 
** DefTensor: Defining tensor ChiSingA2p[-a, -b]. 
** DefTensor: Defining tensor ChiSingA2m[-a, -b, -c]. 
   Rules {1, 2, 3, 4} have been declared as DownValues for ChiSingA2m.
   Rules {1, 2, 3, 4, 5, 6, 7, 8, 9, 10, <<374>>}
 
>    have been declared as UpValues for ChiSingA2m.
** DefTensor: Defining tensor BChiSingExtra[-a, -c]. 
** DefTensor: Defining tensor AChiSingExtra[-a, -b, -c]. 
 ** BuildHiGGS: Incorporating the binary at\
 
>   ./xAct/HiGGS/bin/build/ChiSingToggle.mx...
** DefTensor: Defining tensor UB0p[]. 
** DefTensor: Defining tensor UB1p[-a, -b]. 
** DefTensor: Defining tensor UB1m[-a]. 
** DefTensor: Defining tensor UB2p[-a, -b]. 
** DefTensor: Defining tensor UA0p[]. 
** DefTensor: Defining tensor UA0m[]. 
** DefTensor: Defining tensor UA1p[-a, -b]. 
** DefTensor: Defining tensor UA1m[-a]. 
** DefTensor: Defining tensor UA2p[-a, -b]. 
** DefTensor: Defining tensor UA2m[-a, -b, -c]. 
   Rules {1, 2, 3, 4} have been declared as DownValues for UA2m.
   Rules {1, 2, 3, 4, 5, 6, 7, 8, 9, 10, <<374>>}
 
>    have been declared as UpValues for UA2m.
   Rules {1, 2} have been declared as DownValues for UB2p.
   Rules {1, 2} have been declared as DownValues for UA2p.
** DefTensor: Defining tensor PiPB0p[]. 
** DefTensor: Defining tensor PiPB1p[-a, -b]. 
** DefTensor: Defining tensor PiPB1m[-a]. 
** DefTensor: Defining tensor PiPB2p[-a, -b]. 
** DefTensor: Defining tensor PiPA0p[]. 
** DefTensor: Defining tensor PiPA0m[]. 
** DefTensor: Defining tensor PiPA1p[-a, -b]. 
** DefTensor: Defining tensor PiPA1m[-a]. 
** DefTensor: Defining tensor PiPA2p[-a, -b]. 
** DefTensor: Defining tensor PiPA2m[-a, -b, -c]. 
   Rules {1, 2, 3, 4} have been declared as DownValues for PiPA2m.
			(...replotting...)
   Rules {1, 2, 3, 4, 5, 6, 7, 8, 9, 10, <<374>>}
 
>    have been declared as UpValues for PiPA2m.
   Rules {1, 2} have been declared as DownValues for PiPB2p.
   Rules {1, 2} have been declared as DownValues for PiPA2p.
** DefTensor: Defining tensor TP0m[]. 
** DefTensor: Defining tensor TP1p[-a, -b]. 
** DefTensor: Defining tensor TP1m[-a]. 
** DefTensor: Defining tensor TP2m[-a, -b, -c]. 
** DefTensor: Defining tensor RP0p[]. 
** DefTensor: Defining tensor RP0m[]. 
** DefTensor: Defining tensor RP1p[-a, -b]. 
** DefTensor: Defining tensor RP1m[-a]. 
** DefTensor: Defining tensor RP2p[-a, -b]. 
** DefTensor: Defining tensor RP2m[-a, -b, -c]. 
   Rules {1, 2, 3, 4} have been declared as DownValues for TP2m.
   Rules {1, 2, 3, 4, 5, 6, 7, 8, 9, 10, <<374>>}
 
>    have been declared as UpValues for TP2m.
   Rules {1, 2, 3, 4, 5, 6, 7, 8, 9, 10, <<86>>}
 
>    have been declared as UpValues for TP2m.
   Rules {1, 2, 3, 4} have been declared as DownValues for RP2m.
   Rules {1, 2, 3, 4, 5, 6, 7, 8, 9, 10, <<374>>}
 
>    have been declared as UpValues for RP2m.
   Rules {1, 2} have been declared as DownValues for RP2p.
** DefTensor: Defining tensor PTPerp[-e, -f, a, b, c]. 
** DefTensor: Defining tensor PTPara[-e, -f, -g, a, b, c]. 
** DefTensor: Defining tensor PRPerp[-e, -f, -g, a, b, c, d]. 
** DefTensor: Defining tensor PRPara[-e, -f, -g, -h, a, b, c, d]. 
** DefTensor: Defining tensor TLambdaP0m[]. 
** DefTensor: Defining tensor TLambdaP1p[-a, -b]. 
** DefTensor: Defining tensor TLambdaP1m[-a]. 
** DefTensor: Defining tensor TLambdaP2m[-a, -b, -c]. 
** DefTensor: Defining tensor RLambdaP0p[]. 
** DefTensor: Defining tensor RLambdaP0m[]. 
** DefTensor: Defining tensor RLambdaP1p[-a, -b]. 
** DefTensor: Defining tensor RLambdaP1m[-a]. 
** DefTensor: Defining tensor RLambdaP2p[-a, -b]. 
** DefTensor: Defining tensor RLambdaP2m[-a, -b, -c]. 
   Rules {1, 2, 3, 4} have been declared as DownValues for RLambdaP2m.
   Rules {1, 2, 3, 4, 5, 6, 7, 8, 9, 10, <<374>>}
 
>    have been declared as UpValues for RLambdaP2m.
   Rules {1, 2} have been declared as DownValues for RLambdaP2p.
   Rules {1, 2, 3, 4} have been declared as DownValues for TLambdaP2m.
			(...replotting...)
   Rules {1, 2, 3, 4, 5, 6, 7, 8, 9, 10, <<374>>}
 
>    have been declared as UpValues for TLambdaP2m.
** DefTensor: Defining tensor TPerp0p[]. 
** DefTensor: Defining tensor TPerp1p[-a, -b]. 
** DefTensor: Defining tensor TPerp1m[-a]. 
** DefTensor: Defining tensor TPerp2p[-a, -b]. 
** DefTensor: Defining tensor RPerp0p[]. 
** DefTensor: Defining tensor RPerp0m[]. 
** DefTensor: Defining tensor RPerp1p[-a, -b]. 
** DefTensor: Defining tensor RPerp1m[-a]. 
** DefTensor: Defining tensor RPerp2p[-a, -b]. 
** DefTensor: Defining tensor RPerp2m[-a, -b, -c]. 
   Rules {1, 2} have been declared as DownValues for TPerp2p.
   Rules {1, 2, 3, 4} have been declared as DownValues for RPerp2m.
   Rules {1, 2, 3, 4, 5, 6, 7, 8, 9, 10, <<374>>}
 
>    have been declared as UpValues for RPerp2m.
   Rules {1, 2} have been declared as DownValues for RPerp2p.
** DefTensor: Defining tensor TLambdaPerp0p[]. 
** DefTensor: Defining tensor TLambdaPerp1p[-a, -b]. 
** DefTensor: Defining tensor TLambdaPerp1m[-a]. 
** DefTensor: Defining tensor TLambdaPerp2p[-a, -b]. 
** DefTensor: Defining tensor RLambdaPerp0p[]. 
** DefTensor: Defining tensor RLambdaPerp0m[]. 
** DefTensor: Defining tensor RLambdaPerp1p[-a, -b]. 
** DefTensor: Defining tensor RLambdaPerp1m[-a]. 
** DefTensor: Defining tensor RLambdaPerp2p[-a, -b]. 
** DefTensor: Defining tensor RLambdaPerp2m[-a, -b, -c]. 
   Rules {1, 2, 3, 4} have been declared as DownValues for RLambdaPerp2m.
   Rules {1, 2, 3, 4, 5, 6, 7, 8, 9, 10, <<374>>}
 
>    have been declared as UpValues for RLambdaPerp2m.
   Rules {1, 2} have been declared as DownValues for RLambdaPerp2p.
   Rules {1, 2} have been declared as DownValues for TLambdaPerp2p.
** DefTensor: Defining tensor RPPara[-a, -b, -c, -d]. 
** DefTensor: Defining tensor RPPerp[-a, -b, -c]. 
** DefTensor: Defining tensor RLambdaPPara[-a, -b, -c, -d]. 
** DefTensor: Defining tensor RLambdaPPerp[-a, -b, -c]. 
** DefTensor: Defining tensor RPerpPerp[-a, -b]. 
** DefTensor: Defining tensor RPerpPara[-a, -b, -c]. 
** DefTensor: Defining tensor RLambdaPerpPerp[-a, -b]. 
** DefTensor: Defining tensor RLambdaPerpPara[-a, -b, -c]. 
 ** ToNewCanonical...
 ** ToNewCanonical...
** DefTensor: Defining tensor ChiParaB0m[]. 
** DefTensor: Defining tensor ChiParaB1p[-a, -b]. 
** DefTensor: Defining tensor ChiParaB1m[-a]. 
** DefTensor: Defining tensor ChiParaB2m[-a, -b, -c]. 
** DefTensor: Defining tensor ChiParaA0p[]. 
** DefTensor: Defining tensor ChiParaA0m[]. 
** DefTensor: Defining tensor ChiParaA1p[-a, -b]. 
** DefTensor: Defining tensor ChiParaA1m[-a]. 
** DefTensor: Defining tensor ChiParaA2p[-a, -b]. 
** DefTensor: Defining tensor ChiParaA2m[-a, -b, -c]. 
   Rules {1, 2, 3, 4} have been declared as DownValues for ChiParaB2m.
			(...replotting...)
   Rules {1, 2, 3, 4, 5, 6, 7, 8, 9, 10, <<374>>}
 
>    have been declared as UpValues for ChiParaB2m.
   Rules {1, 2, 3, 4} have been declared as DownValues for ChiParaA2m.
   Rules {1, 2, 3, 4, 5, 6, 7, 8, 9, 10, <<374>>}
 
>    have been declared as UpValues for ChiParaA2m.
** DefTensor: Defining tensor DPiPB0p[-z]. 
** DefTensor: Defining tensor DPiPB1p[-z, -a, -b]. 
** DefTensor: Defining tensor DPiPB1m[-z, -a]. 
** DefTensor: Defining tensor DPiPB2p[-z, -a, -b]. 
   Rules {1, 2} have been declared as DownValues for DPiPB2p.
** DefTensor: Defining tensor DPiPA0p[-z]. 
** DefTensor: Defining tensor DPiPA0m[-z]. 
** DefTensor: Defining tensor DPiPA1p[-z, -a, -b]. 
** DefTensor: Defining tensor DPiPA1m[-z, -a]. 
** DefTensor: Defining tensor DPiPA2p[-z, -a, -b]. 
** DefTensor: Defining tensor DPiPA2m[-z, -a, -b, -c]. 
   Rules {1, 2, 3, 4} have been declared as DownValues for DPiPA2m.
   Rules {1, 2, 3, 4, 5, 6, 7, 8, 9, 10, <<374>>}
 
>    have been declared as UpValues for DPiPA2m.
   Rules {1, 2} have been declared as DownValues for DPiPA2p.
** DefTensor: Defining tensor DpPiPB0p[-z]. 
** DefTensor: Defining tensor DpPiPB1p[-z, -a, -b]. 
** DefTensor: Defining tensor DpPiPB1m[-z, -a]. 
** DefTensor: Defining tensor DpPiPB2p[-z, -a, -b]. 
   Rules {1, 2} have been declared as DownValues for DpPiPB2p.
** DefTensor: Defining tensor DpPiPA0p[-z]. 
** DefTensor: Defining tensor DpPiPA0m[-z]. 
** DefTensor: Defining tensor DpPiPA1p[-z, -a, -b]. 
** DefTensor: Defining tensor DpPiPA1m[-z, -a]. 
** DefTensor: Defining tensor DpPiPA2p[-z, -a, -b]. 
** DefTensor: Defining tensor DpPiPA2m[-z, -a, -b, -c]. 
   Rules {1, 2, 3, 4} have been declared as DownValues for DpPiPA2m.
   Rules {1, 2, 3, 4, 5, 6, 7, 8, 9, 10, <<374>>}
 
>    have been declared as UpValues for DpPiPA2m.
   Rules {1, 2} have been declared as DownValues for DpPiPA2p.
** DefTensor: Defining tensor DUB0p[-z]. 
** DefTensor: Defining tensor DUB1p[-z, -a, -b]. 
** DefTensor: Defining tensor DUB1m[-z, -a]. 
** DefTensor: Defining tensor DUB2p[-z, -a, -b]. 
   Rules {1, 2} have been declared as DownValues for DUB2p.
** DefTensor: Defining tensor DUA0p[-z]. 
** DefTensor: Defining tensor DUA0m[-z]. 
** DefTensor: Defining tensor DUA1p[-z, -a, -b]. 
** DefTensor: Defining tensor DUA1m[-z, -a]. 
** DefTensor: Defining tensor DUA2p[-z, -a, -b]. 
** DefTensor: Defining tensor DUA2m[-z, -a, -b, -c]. 
   Rules {1, 2, 3, 4} have been declared as DownValues for DUA2m.
			(...replotting...)
   Rules {1, 2, 3, 4, 5, 6, 7, 8, 9, 10, <<374>>}
 
>    have been declared as UpValues for DUA2m.
   Rules {1, 2} have been declared as DownValues for DUA2p.
** DefTensor: Defining tensor DpUB0p[-z]. 
** DefTensor: Defining tensor DpUB1p[-z, -a, -b]. 
** DefTensor: Defining tensor DpUB1m[-z, -a]. 
** DefTensor: Defining tensor DpUB2p[-z, -a, -b]. 
   Rules {1, 2} have been declared as DownValues for DpUB2p.
** DefTensor: Defining tensor DpUA0p[-z]. 
** DefTensor: Defining tensor DpUA0m[-z]. 
** DefTensor: Defining tensor DpUA1p[-z, -a, -b]. 
** DefTensor: Defining tensor DpUA1m[-z, -a]. 
** DefTensor: Defining tensor DpUA2p[-z, -a, -b]. 
** DefTensor: Defining tensor DpUA2m[-z, -a, -b, -c]. 
   Rules {1, 2, 3, 4} have been declared as DownValues for DpUA2m.
   Rules {1, 2, 3, 4, 5, 6, 7, 8, 9, 10, <<374>>}
 
>    have been declared as UpValues for DpUA2m.
   Rules {1, 2} have been declared as DownValues for DpUA2p.
** DefTensor: Defining tensor DTP0m[-z]. 
** DefTensor: Defining tensor DTP1p[-z, -a, -b]. 
** DefTensor: Defining tensor DTP1m[-z, -a]. 
** DefTensor: Defining tensor DTP2m[-z, -a, -b, -c]. 
   Rules {1, 2, 3, 4} have been declared as DownValues for DTP2m.
   Rules {1, 2, 3, 4, 5, 6, 7, 8, 9, 10, <<374>>}
 
>    have been declared as UpValues for DTP2m.
** DefTensor: Defining tensor DRP0p[-z]. 
** DefTensor: Defining tensor DRP0m[-z]. 
** DefTensor: Defining tensor DRP1p[-z, -a, -b]. 
** DefTensor: Defining tensor DRP1m[-z, -a]. 
** DefTensor: Defining tensor DRP2p[-z, -a, -b]. 
** DefTensor: Defining tensor DRP2m[-z, -a, -b, -c]. 
   Rules {1, 2, 3, 4} have been declared as DownValues for DRP2m.
   Rules {1, 2, 3, 4, 5, 6, 7, 8, 9, 10, <<374>>}
 
>    have been declared as UpValues for DRP2m.
   Rules {1, 2} have been declared as DownValues for DRP2p.
** DefTensor: Defining tensor DTLambdaP0m[-z]. 
** DefTensor: Defining tensor DTLambdaP1p[-z, -a, -b]. 
** DefTensor: Defining tensor DTLambdaP1m[-z, -a]. 
** DefTensor: Defining tensor DTLambdaP2m[-z, -a, -b, -c]. 
   Rules {1, 2, 3, 4} have been declared as DownValues for DTLambdaP2m.
   Rules {1, 2, 3, 4, 5, 6, 7, 8, 9, 10, <<374>>}
 
>    have been declared as UpValues for DTLambdaP2m.
** DefTensor: Defining tensor DRLambdaP0p[-z]. 
** DefTensor: Defining tensor DRLambdaP0m[-z]. 
** DefTensor: Defining tensor DRLambdaP1p[-z, -a, -b]. 
** DefTensor: Defining tensor DRLambdaP1m[-z, -a]. 
** DefTensor: Defining tensor DRLambdaP2p[-z, -a, -b]. 
** DefTensor: Defining tensor DRLambdaP2m[-z, -a, -b, -c]. 
   Rules {1, 2, 3, 4} have been declared as DownValues for DRLambdaP2m.
			(...replotting...)
   Rules {1, 2, 3, 4, 5, 6, 7, 8, 9, 10, <<374>>}
 
>    have been declared as UpValues for DRLambdaP2m.
   Rules {1, 2} have been declared as DownValues for DRLambdaP2p.
** DefTensor: Defining tensor DTLambdaPerp0p[-z]. 
** DefTensor: Defining tensor DTLambdaPerp1p[-z, -a, -b]. 
** DefTensor: Defining tensor DTLambdaPerp1m[-z, -a]. 
** DefTensor: Defining tensor DTLambdaPerp2p[-z, -a, -b]. 
   Rules {1, 2} have been declared as DownValues for DTLambdaPerp2p.
** DefTensor: Defining tensor DRLambdaPerp0p[-z]. 
** DefTensor: Defining tensor DRLambdaPerp0m[-z]. 
** DefTensor: Defining tensor DRLambdaPerp1p[-z, -a, -b]. 
** DefTensor: Defining tensor DRLambdaPerp1m[-z, -a]. 
** DefTensor: Defining tensor DRLambdaPerp2p[-z, -a, -b]. 
** DefTensor: Defining tensor DRLambdaPerp2m[-z, -a, -b, -c]. 
   Rules {1, 2, 3, 4} have been declared as DownValues for DRLambdaPerp2m.
